<?xml version="1.0" encoding="UTF-8"?>
<!-- Generated by org.testng.reporters.JUnitXMLReporter -->
<testsuite ignored="0" hostname="DESKTOP-4NO36J1" failures="0" tests="3" name="Default test" time="52.914" errors="0" timestamp="2022-10-18T21:37:07 IST">
  <testcase classname="com.ecommerce.flipkartecommerce.testFlipkart" name="loadtime" time="0.155"/>
  <testcase classname="com.ecommerce.flipkartecommerce.testFlipkart" name="search" time="6.6"/>
  <testcase classname="com.ecommerce.flipkartecommerce.testFlipkart" name="scroll" time="6.225"/>
</testsuite> <!-- Default test -->
