<?xml version="1.0" encoding="UTF-8"?>
<testng-results ignored="0" total="3" passed="3" failed="0" skipped="0">
  <reporter-output>
  </reporter-output>
  <suite started-at="2022-10-18T21:36:14 IST" name="Default suite" finished-at="2022-10-18T21:37:07 IST" duration-ms="52914">
    <groups>
    </groups>
    <test started-at="2022-10-18T21:36:14 IST" name="Default test" finished-at="2022-10-18T21:37:07 IST" duration-ms="52914">
      <class name="com.ecommerce.flipkartecommerce.testFlipkart">
        <test-method is-config="true" signature="startBrowser()[pri:0, instance:com.ecommerce.flipkartecommerce.testFlipkart@485966cc]" started-at="2022-10-18T21:36:15 IST" name="startBrowser" finished-at="2022-10-18T21:36:54 IST" duration-ms="39654" status="PASS">
          <reporter-output>
          </reporter-output>
        </test-method> <!-- startBrowser -->
        <test-method signature="loadtime()[pri:1, instance:com.ecommerce.flipkartecommerce.testFlipkart@485966cc]" started-at="2022-10-18T21:36:54 IST" name="loadtime" finished-at="2022-10-18T21:36:54 IST" duration-ms="155" status="PASS">
          <reporter-output>
          </reporter-output>
        </test-method> <!-- loadtime -->
        <test-method signature="search()[pri:2, instance:com.ecommerce.flipkartecommerce.testFlipkart@485966cc]" started-at="2022-10-18T21:36:54 IST" name="search" finished-at="2022-10-18T21:37:01 IST" duration-ms="6600" status="PASS">
          <reporter-output>
          </reporter-output>
        </test-method> <!-- search -->
        <test-method signature="scroll()[pri:3, instance:com.ecommerce.flipkartecommerce.testFlipkart@485966cc]" started-at="2022-10-18T21:37:01 IST" name="scroll" finished-at="2022-10-18T21:37:07 IST" duration-ms="6225" status="PASS">
          <reporter-output>
          </reporter-output>
        </test-method> <!-- scroll -->
        <test-method is-config="true" signature="closeBrowser()[pri:0, instance:com.ecommerce.flipkartecommerce.testFlipkart@485966cc]" started-at="2022-10-18T21:37:07 IST" name="closeBrowser" finished-at="2022-10-18T21:37:07 IST" duration-ms="146" status="PASS">
          <reporter-output>
          </reporter-output>
        </test-method> <!-- closeBrowser -->
      </class> <!-- com.ecommerce.flipkartecommerce.testFlipkart -->
    </test> <!-- Default test -->
  </suite> <!-- Default suite -->
</testng-results>
